<?xml version="1.0" encoding="UTF-8"?>
<!-- Generated by org.testng.reporters.JUnitReportReporter -->
<testsuite hostname="Bevara_Family" failures="0" tests="5" name="api.test.testDataDrivenTC" time="3.974" errors="0" timestamp="2023-12-22T18:08:21 EST" skipped="0">
  <testcase classname="api.test.testDataDrivenTC" name="testPostUser" time="0.376"/>
  <testcase classname="api.test.testDataDrivenTC" name="testPostUser" time="0.373"/>
  <testcase classname="api.test.testDataDrivenTC" name="testPostUser" time="0.508"/>
  <testcase classname="api.test.testDataDrivenTC" name="testPostUser" time="0.539"/>
  <testcase classname="api.test.testDataDrivenTC" name="testPostUser" time="2.178"/>
</testsuite> <!-- api.test.testDataDrivenTC -->
