<?xml version="1.0" encoding="UTF-8"?>
<!-- Generated by org.testng.reporters.JUnitReportReporter -->
<testsuite hostname="Bevara_Family" failures="0" tests="4" name="api.test.userTest2" time="9.359" errors="0" timestamp="2023-12-29T17:32:38 EST" skipped="0">
  <testcase classname="api.test.userTest2" name="testPostUser" time="3.770"/>
  <testcase classname="api.test.userTest2" name="testgetUserByName" time="0.180"/>
  <testcase classname="api.test.userTest2" name="testUpdateUserByName" time="5.279"/>
  <testcase classname="api.test.userTest2" name="testDeleteUserByName" time="0.130"/>
</testsuite> <!-- api.test.userTest2 -->
