<?xml version="1.0" encoding="UTF-8"?>
<!-- Generated by org.testng.reporters.JUnitReportReporter -->
<testsuite hostname="Bevara_Family" failures="0" tests="4" name="api.test.userTest" time="0.650" errors="0" timestamp="2023-12-29T17:32:38 EST" skipped="0">
  <testcase classname="api.test.userTest" name="testPostUser" time="0.141"/>
  <testcase classname="api.test.userTest" name="testgetUserByName" time="0.129"/>
  <testcase classname="api.test.userTest" name="testUpdateUserByName" time="0.260"/>
  <testcase classname="api.test.userTest" name="testDeleteUserByName" time="0.120"/>
</testsuite> <!-- api.test.userTest -->
